# JRE version: OpenJDK Runtime Environment (11.0.13) (build 11.0.13+0-b1751.21-8125866)
# Java VM: OpenJDK 64-Bit Server VM (11.0.13+0-b1751.21-8125866, mixed mode, tiered, compressed oops, g1 gc, windows-amd64)
Heap:
 garbage-first heap   total 157696K, used 62115K [0x0000000080000000, 0x0000000100000000)
  region size 1024K, 13 young (13312K), 8 survivors (8192K)
 Metaspace       used 73110K, capacity 74793K, committed 75088K, reserved 1114112K
  class space    used 9450K, capacity 10097K, committed 10188K, reserved 1048576K
GC Heap History (20 events):
Event: 8.780 GC heap before
{Heap before GC invocations=4 (full 0):
 garbage-first heap   total 131072K, used 48768K [0x0000000080000000, 0x0000000100000000)
  region size 1024K, 39 young (39936K), 6 survivors (6144K)
 Metaspace       used 20806K, capacity 21185K, committed 21296K, reserved 1069056K
  class space    used 2520K, capacity 2684K, committed 2688K, reserved 1048576K
}
Event: 8.794 GC heap after
{Heap after GC invocations=5 (full 0):
 garbage-first heap   total 131072K, used 17253K [0x0000000080000000, 0x0000000100000000)
  region size 1024K, 6 young (6144K), 6 survivors (6144K)
 Metaspace       used 20806K, capacity 21185K, committed 21296K, reserved 1069056K
  class space    used 2520K, capacity 2684K, committed 2688K, reserved 1048576K
}
Event: 10.227 GC heap before
{Heap before GC invocations=6 (full 0):
 garbage-first heap   total 131072K, used 72549K [0x0000000080000000, 0x0000000100000000)
  region size 1024K, 61 young (62464K), 6 survivors (6144K)
 Metaspace       used 26814K, capacity 27463K, committed 27772K, reserved 1073152K
  class space    used 3460K, capacity 3702K, committed 3788K, reserved 1048576K
}
Event: 10.240 GC heap after
{Heap after GC invocations=7 (full 0):
 garbage-first heap   total 131072K, used 19335K [0x0000000080000000, 0x0000000100000000)
  region size 1024K, 4 young (4096K), 4 survivors (4096K)
 Metaspace       used 26814K, capacity 27463K, committed 27772K, reserved 1073152K
  class space    used 3460K, capacity 3702K, committed 3788K, reserved 1048576K
}
Event: 12.667 GC heap before
{Heap before GC invocations=7 (full 0):
 garbage-first heap   total 131072K, used 75655K [0x0000000080000000, 0x0000000100000000)
  region size 1024K, 60 young (61440K), 4 survivors (4096K)
 Metaspace       used 35144K, capacity 35918K, committed 35964K, reserved 1081344K
  class space    used 4499K, capacity 4799K, committed 4812K, reserved 1048576K
}
Event: 12.687 GC heap after
{Heap after GC invocations=8 (full 0):
 garbage-first heap   total 131072K, used 22525K [0x0000000080000000, 0x0000000100000000)
  region size 1024K, 7 young (7168K), 7 survivors (7168K)
 Metaspace       used 35144K, capacity 35918K, committed 35964K, reserved 1081344K
  class space    used 4499K, capacity 4799K, committed 4812K, reserved 1048576K
}
Event: 14.657 GC heap before
{Heap before GC invocations=9 (full 0):
 garbage-first heap   total 131072K, used 90109K [0x0000000080000000, 0x0000000100000000)
  region size 1024K, 71 young (72704K), 7 survivors (7168K)
 Metaspace       used 40313K, capacity 41240K, committed 41468K, reserved 1085440K
  class space    used 5071K, capacity 5415K, committed 5452K, reserved 1048576K
}
Event: 14.679 GC heap after
{Heap after GC invocations=10 (full 0):
 garbage-first heap   total 131072K, used 28012K [0x0000000080000000, 0x0000000100000000)
  region size 1024K, 9 young (9216K), 9 survivors (9216K)
 Metaspace       used 40313K, capacity 41240K, committed 41468K, reserved 1085440K
  class space    used 5071K, capacity 5415K, committed 5452K, reserved 1048576K
}
Event: 16.589 GC heap before
{Heap before GC invocations=10 (full 0):
 garbage-first heap   total 131072K, used 92524K [0x0000000080000000, 0x0000000100000000)
  region size 1024K, 72 young (73728K), 9 survivors (9216K)
 Metaspace       used 46366K, capacity 47493K, committed 47740K, reserved 1091584K
  class space    used 5870K, capacity 6297K, committed 6348K, reserved 1048576K
}
Event: 16.612 GC heap after
{Heap after GC invocations=11 (full 0):
 garbage-first heap   total 157696K, used 29979K [0x0000000080000000, 0x0000000100000000)
  region size 1024K, 3 young (3072K), 3 survivors (3072K)
 Metaspace       used 46366K, capacity 47493K, committed 47740K, reserved 1091584K
  class space    used 5870K, capacity 6297K, committed 6348K, reserved 1048576K
}
Event: 19.315 GC heap before
{Heap before GC invocations=11 (full 0):
 garbage-first heap   total 157696K, used 112923K [0x0000000080000000, 0x0000000100000000)
  region size 1024K, 80 young (81920K), 3 survivors (3072K)
 Metaspace       used 51418K, capacity 52731K, committed 52860K, reserved 1095680K
  class space    used 6485K, capacity 6987K, committed 7116K, reserved 1048576K
}
Event: 19.325 GC heap after
{Heap after GC invocations=12 (full 0):
 garbage-first heap   total 157696K, used 42306K [0x0000000080000000, 0x0000000100000000)
  region size 1024K, 10 young (10240K), 10 survivors (10240K)
 Metaspace       used 51418K, capacity 52731K, committed 52860K, reserved 1095680K
  class space    used 6485K, capacity 6987K, committed 7116K, reserved 1048576K
}
Event: 20.996 GC heap before
{Heap before GC invocations=12 (full 0):
 garbage-first heap   total 157696K, used 91458K [0x0000000080000000, 0x0000000100000000)
  region size 1024K, 59 young (60416K), 10 survivors (10240K)
 Metaspace       used 58853K, capacity 60238K, committed 60368K, reserved 1101824K
  class space    used 7421K, capacity 7928K, committed 8012K, reserved 1048576K
}
Event: 21.021 GC heap after
{Heap after GC invocations=13 (full 0):
 garbage-first heap   total 157696K, used 44681K [0x0000000080000000, 0x0000000100000000)
  region size 1024K, 3 young (3072K), 3 survivors (3072K)
 Metaspace       used 58853K, capacity 60238K, committed 60368K, reserved 1101824K
  class space    used 7421K, capacity 7928K, committed 8012K, reserved 1048576K
}
Event: 23.115 GC heap before
{Heap before GC invocations=14 (full 0):
 garbage-first heap   total 157696K, used 115337K [0x0000000080000000, 0x0000000100000000)
  region size 1024K, 66 young (67584K), 3 survivors (3072K)
 Metaspace       used 63741K, capacity 65202K, committed 65360K, reserved 1105920K
  class space    used 8000K, capacity 8548K, committed 8652K, reserved 1048576K
}
Event: 23.130 GC heap after
{Heap after GC invocations=15 (full 0):
 garbage-first heap   total 157696K, used 50407K [0x0000000080000000, 0x0000000100000000)
  region size 1024K, 9 young (9216K), 9 survivors (9216K)
 Metaspace       used 63741K, capacity 65202K, committed 65360K, reserved 1105920K
  class space    used 8000K, capacity 8548K, committed 8652K, reserved 1048576K
}
Event: 25.089 GC heap before
{Heap before GC invocations=16 (full 0):
 garbage-first heap   total 157696K, used 113895K [0x0000000080000000, 0x0000000100000000)
  region size 1024K, 70 young (71680K), 9 survivors (9216K)
 Metaspace       used 65993K, capacity 67601K, committed 67792K, reserved 1107968K
  class space    used 8312K, capacity 8935K, committed 9036K, reserved 1048576K
}
Event: 25.109 GC heap after
{Heap after GC invocations=17 (full 0):
 garbage-first heap   total 157696K, used 54337K [0x0000000080000000, 0x0000000100000000)
  region size 1024K, 5 young (5120K), 5 survivors (5120K)
 Metaspace       used 65993K, capacity 67601K, committed 67792K, reserved 1107968K
  class space    used 8312K, capacity 8935K, committed 9036K, reserved 1048576K
}
Event: 28.696 GC heap before
{Heap before GC invocations=17 (full 0):
 garbage-first heap   total 157696K, used 116801K [0x0000000080000000, 0x0000000100000000)
  region size 1024K, 66 young (67584K), 5 survivors (5120K)
 Metaspace       used 72823K, capacity 74455K, committed 74704K, reserved 1114112K
  class space    used 9408K, capacity 10029K, committed 10060K, reserved 1048576K
}
Event: 28.714 GC heap after
{Heap after GC invocations=18 (full 0):
 garbage-first heap   total 157696K, used 58019K [0x0000000080000000, 0x0000000100000000)
  region size 1024K, 8 young (8192K), 8 survivors (8192K)
 Metaspace       used 72823K, capacity 74455K, committed 74704K, reserved 1114112K
  class space    used 9408K, capacity 10029K, committed 10060K, reserved 1048576K
}

