# JRE version: OpenJDK Runtime Environment (11.0.13) (build 11.0.13+0-b1751.21-8125866)
# Java VM: OpenJDK 64-Bit Server VM (11.0.13+0-b1751.21-8125866, mixed mode, tiered, compressed oops, g1 gc, windows-amd64)
Heap:
 garbage-first heap   total 273408K, used 172808K [0x0000000080000000, 0x0000000100000000)
  region size 1024K, 13 young (13312K), 1 survivors (1024K)
 Metaspace       used 129452K, capacity 132492K, committed 132508K, reserved 1165312K
  class space    used 15804K, capacity 16886K, committed 16896K, reserved 1048576K
GC Heap History (20 events):
Event: 3552.853 GC heap before
{Heap before GC invocations=71 (full 0):
 garbage-first heap   total 227328K, used 182522K [0x0000000080000000, 0x0000000100000000)
  region size 1024K, 11 young (11264K), 2 survivors (2048K)
 Metaspace       used 121239K, capacity 124248K, committed 124444K, reserved 1157120K
  class space    used 14912K, capacity 15933K, committed 16000K, reserved 1048576K
}
Event: 3552.863 GC heap after
{Heap after GC invocations=72 (full 0):
 garbage-first heap   total 227328K, used 158625K [0x0000000080000000, 0x0000000100000000)
  region size 1024K, 1 young (1024K), 1 survivors (1024K)
 Metaspace       used 121239K, capacity 124248K, committed 124444K, reserved 1157120K
  class space    used 14912K, capacity 15933K, committed 16000K, reserved 1048576K
}
Event: 3553.262 GC heap before
{Heap before GC invocations=72 (full 0):
 garbage-first heap   total 227328K, used 182177K [0x0000000080000000, 0x0000000100000000)
  region size 1024K, 25 young (25600K), 1 survivors (1024K)
 Metaspace       used 121509K, capacity 124538K, committed 124700K, reserved 1159168K
  class space    used 14921K, capacity 15965K, committed 16000K, reserved 1048576K
}
Event: 3553.271 GC heap after
{Heap after GC invocations=73 (full 0):
 garbage-first heap   total 227328K, used 160744K [0x0000000080000000, 0x0000000100000000)
  region size 1024K, 3 young (3072K), 3 survivors (3072K)
 Metaspace       used 121509K, capacity 124538K, committed 124700K, reserved 1159168K
  class space    used 14921K, capacity 15965K, committed 16000K, reserved 1048576K
}
Event: 3553.763 GC heap before
{Heap before GC invocations=73 (full 0):
 garbage-first heap   total 227328K, used 185320K [0x0000000080000000, 0x0000000100000000)
  region size 1024K, 27 young (27648K), 3 survivors (3072K)
 Metaspace       used 121865K, capacity 124890K, committed 124956K, reserved 1159168K
  class space    used 14945K, capacity 15997K, committed 16000K, reserved 1048576K
}
Event: 3553.775 GC heap after
{Heap after GC invocations=74 (full 0):
 garbage-first heap   total 227328K, used 163371K [0x0000000080000000, 0x0000000100000000)
  region size 1024K, 3 young (3072K), 3 survivors (3072K)
 Metaspace       used 121865K, capacity 124890K, committed 124956K, reserved 1159168K
  class space    used 14945K, capacity 15997K, committed 16000K, reserved 1048576K
}
Event: 3554.006 GC heap before
{Heap before GC invocations=75 (full 0):
 garbage-first heap   total 227328K, used 187947K [0x0000000080000000, 0x0000000100000000)
  region size 1024K, 27 young (27648K), 3 survivors (3072K)
 Metaspace       used 122403K, capacity 125370K, committed 125596K, reserved 1159168K
  class space    used 14985K, capacity 16029K, committed 16128K, reserved 1048576K
}
Event: 3554.014 GC heap after
{Heap after GC invocations=76 (full 0):
 garbage-first heap   total 273408K, used 162348K [0x0000000080000000, 0x0000000100000000)
  region size 1024K, 1 young (1024K), 1 survivors (1024K)
 Metaspace       used 122403K, capacity 125370K, committed 125596K, reserved 1159168K
  class space    used 14985K, capacity 16029K, committed 16128K, reserved 1048576K
}
Event: 3555.338 GC heap before
{Heap before GC invocations=76 (full 0):
 garbage-first heap   total 273408K, used 207404K [0x0000000080000000, 0x0000000100000000)
  region size 1024K, 46 young (47104K), 1 survivors (1024K)
 Metaspace       used 123591K, capacity 126662K, committed 127004K, reserved 1161216K
  class space    used 15102K, capacity 16166K, committed 16256K, reserved 1048576K
}
Event: 3555.343 GC heap after
{Heap after GC invocations=77 (full 0):
 garbage-first heap   total 273408K, used 163381K [0x0000000080000000, 0x0000000100000000)
  region size 1024K, 2 young (2048K), 2 survivors (2048K)
 Metaspace       used 123591K, capacity 126662K, committed 127004K, reserved 1161216K
  class space    used 15102K, capacity 16166K, committed 16256K, reserved 1048576K
}
Event: 3559.439 GC heap before
{Heap before GC invocations=78 (full 0):
 garbage-first heap   total 273408K, used 211509K [0x0000000080000000, 0x0000000100000000)
  region size 1024K, 50 young (51200K), 2 survivors (2048K)
 Metaspace       used 124539K, capacity 127588K, committed 127900K, reserved 1161216K
  class space    used 15200K, capacity 16279K, committed 16384K, reserved 1048576K
}
Event: 3559.448 GC heap after
{Heap after GC invocations=79 (full 0):
 garbage-first heap   total 273408K, used 164600K [0x0000000080000000, 0x0000000100000000)
  region size 1024K, 3 young (3072K), 3 survivors (3072K)
 Metaspace       used 124539K, capacity 127588K, committed 127900K, reserved 1161216K
  class space    used 15200K, capacity 16279K, committed 16384K, reserved 1048576K
}
Event: 3559.904 GC heap before
{Heap before GC invocations=79 (full 0):
 garbage-first heap   total 273408K, used 173816K [0x0000000080000000, 0x0000000100000000)
  region size 1024K, 13 young (13312K), 3 survivors (3072K)
 Metaspace       used 124546K, capacity 127588K, committed 127900K, reserved 1161216K
  class space    used 15200K, capacity 16279K, committed 16384K, reserved 1048576K
}
Event: 3559.914 GC heap after
{Heap after GC invocations=80 (full 0):
 garbage-first heap   total 273408K, used 157397K [0x0000000080000000, 0x0000000100000000)
  region size 1024K, 1 young (1024K), 1 survivors (1024K)
 Metaspace       used 124546K, capacity 127588K, committed 127900K, reserved 1161216K
  class space    used 15200K, capacity 16279K, committed 16384K, reserved 1048576K
}
Event: 3562.621 GC heap before
{Heap before GC invocations=80 (full 0):
 garbage-first heap   total 273408K, used 211669K [0x0000000080000000, 0x0000000100000000)
  region size 1024K, 55 young (56320K), 1 survivors (1024K)
 Metaspace       used 127700K, capacity 130765K, committed 131100K, reserved 1163264K
  class space    used 15600K, capacity 16675K, committed 16768K, reserved 1048576K
}
Event: 3562.633 GC heap after
{Heap after GC invocations=81 (full 0):
 garbage-first heap   total 273408K, used 160388K [0x0000000080000000, 0x0000000100000000)
  region size 1024K, 4 young (4096K), 4 survivors (4096K)
 Metaspace       used 127700K, capacity 130765K, committed 131100K, reserved 1163264K
  class space    used 15600K, capacity 16675K, committed 16768K, reserved 1048576K
}
Event: 3567.311 GC heap before
{Heap before GC invocations=82 (full 0):
 garbage-first heap   total 273408K, used 215684K [0x0000000080000000, 0x0000000100000000)
  region size 1024K, 59 young (60416K), 4 survivors (4096K)
 Metaspace       used 129149K, capacity 132240K, committed 132508K, reserved 1165312K
  class space    used 15763K, capacity 16845K, committed 16896K, reserved 1048576K
}
Event: 3567.332 GC heap after
{Heap after GC invocations=83 (full 0):
 garbage-first heap   total 273408K, used 164158K [0x0000000080000000, 0x0000000100000000)
  region size 1024K, 8 young (8192K), 8 survivors (8192K)
 Metaspace       used 129149K, capacity 132240K, committed 132508K, reserved 1165312K
  class space    used 15763K, capacity 16845K, committed 16896K, reserved 1048576K
}
Event: 3567.401 GC heap before
{Heap before GC invocations=83 (full 0):
 garbage-first heap   total 273408K, used 168254K [0x0000000080000000, 0x0000000100000000)
  region size 1024K, 13 young (13312K), 8 survivors (8192K)
 Metaspace       used 129149K, capacity 132240K, committed 132508K, reserved 1165312K
  class space    used 15763K, capacity 16845K, committed 16896K, reserved 1048576K
}
Event: 3567.422 GC heap after
{Heap after GC invocations=84 (full 0):
 garbage-first heap   total 273408K, used 162568K [0x0000000080000000, 0x0000000100000000)
  region size 1024K, 1 young (1024K), 1 survivors (1024K)
 Metaspace       used 129149K, capacity 132240K, committed 132508K, reserved 1165312K
  class space    used 15763K, capacity 16845K, committed 16896K, reserved 1048576K
}

